2019-01-18 09:53:31,071 [INFO]: #  Testsuite imported from Excel:
[
    {
        "id": "HOME_001",
        "title": "打开Relax",
        "condition": "SETUP",
        "designer": "",
        "flag": "",
        "result": "",
        "remark": "",
        "priority": "M",
        "steps": [
            {
                "control": "",
                "no": "1",
                "keyword": "打开",
                "page": "",
                "element": "Relax登录链接",
                "data": "",
                "expected": "",
                "output": "",
                "score": "",
                "remark": "",
                "_keyword": "打开",
                "_element": "Relax登录链接",
                "_data": "",
                "vdata": "",
                "_expected": "",
                "_output": ""
            },
            {
                "control": "",
                "no": "2",
                "keyword": "检查",
                "page": "登录页面",
                "element": "登录界面信息",
                "data": "*办事大厅",
                "expected": "",
                "output": "",
                "score": "",
                "remark": "",
                "_keyword": "检查",
                "_element": "登录界面信息",
                "_data": "*办事大厅",
                "vdata": "*办事大厅",
                "_expected": "",
                "_output": ""
            }
        ]
    },
    {
        "id": "SNIPPET_001",
        "title": "打开Relax<keywords>",
        "condition": "SNIPPET",
        "designer": "",
        "flag": "",
        "result": "",
        "remark": "",
        "priority": "M",
        "steps": [
            {
                "control": "",
                "no": "1",
                "keyword": "输入",
                "page": "",
                "element": "登录名称",
                "data": "<username>",
                "expected": "",
                "output": "",
                "score": "",
                "remark": "",
                "_keyword": "输入",
                "_element": "登录名称",
                "_data": "<username>",
                "vdata": "<username>",
                "_expected": "",
                "_output": ""
            },
            {
                "control": "",
                "no": "2",
                "keyword": "输入",
                "page": "",
                "element": "登录密码",
                "data": "<password>",
                "expected": "",
                "output": "",
                "score": "",
                "remark": "",
                "_keyword": "输入",
                "_element": "登录密码",
                "_data": "<password>",
                "vdata": "<password>",
                "_expected": "",
                "_output": ""
            },
            {
                "control": "",
                "no": "3",
                "keyword": "点击",
                "page": "",
                "element": "登录按钮",
                "data": "",
                "expected": "",
                "output": "",
                "score": "",
                "remark": "",
                "_keyword": "点击",
                "_element": "登录按钮",
                "_data": "",
                "vdata": "",
                "_expected": "",
                "_output": ""
            }
        ]
    },
    {
        "id": "SNIPPET_002",
        "title": "退出登录",
        "condition": "SNIPPET",
        "designer": "",
        "flag": "",
        "result": "",
        "remark": "",
        "priority": "M",
        "steps": [
            {
                "control": "",
                "no": "1",
                "keyword": "点击",
                "page": "退出登录",
                "element": "管理员",
                "data": "",
                "expected": "",
                "output": "",
                "score": "",
                "remark": "",
                "_keyword": "点击",
                "_element": "管理员",
                "_data": "",
                "vdata": "",
                "_expected": "",
                "_output": ""
            },
            {
                "control": "",
                "no": "2",
                "keyword": "点击",
                "page": "",
                "element": "class#logoutBtn",
                "data": "",
                "expected": "",
                "output": "",
                "score": "",
                "remark": "",
                "_keyword": "点击",
                "_element": "class#logoutBtn",
                "_data": "",
                "vdata": "",
                "_expected": "",
                "_output": ""
            }
        ]
    },
    {
        "id": "LOGIN_001",
        "title": "打开Relax正确登录",
        "condition": "",
        "designer": "",
        "flag": "",
        "result": "",
        "remark": "",
        "priority": "M",
        "steps": [
            {
                "control": "",
                "no": "1",
                "keyword": "执行",
                "page": "用例片段",
                "element": "SNIPPET_001",
                "data": "username=admin,password=mxdx@relax,keywords=正确登录",
                "expected": "",
                "output": "",
                "score": "",
                "remark": "",
                "_keyword": "执行",
                "_element": "SNIPPET_001",
                "_data": "username=admin,password=mxdx@relax,keywords=正确登录",
                "vdata": "username=admin,password=mxdx@relax,keywords=正确登录",
                "_expected": "",
                "_output": ""
            },
            {
                "control": "",
                "no": "2",
                "keyword": "检查",
                "page": "Relax主页",
                "element": "工作台Tab",
                "data": "*作台",
                "expected": "",
                "output": "",
                "score": "",
                "remark": "",
                "_keyword": "检查",
                "_element": "工作台Tab",
                "_data": "*作台",
                "vdata": "*作台",
                "_expected": "",
                "_output": ""
            },
            {
                "control": "",
                "no": "3",
                "keyword": "执行",
                "page": "用例片段",
                "element": "SNIPPET_002",
                "data": "",
                "expected": "",
                "output": "",
                "score": "",
                "remark": "",
                "_keyword": "执行",
                "_element": "SNIPPET_002",
                "_data": "",
                "vdata": "",
                "_expected": "",
                "_output": ""
            }
        ]
    },
    {
        "id": "LOGIN_002",
        "title": "打开Relax密码为空",
        "condition": "",
        "designer": "",
        "flag": "",
        "result": "",
        "remark": "",
        "priority": "M",
        "steps": [
            {
                "control": "",
                "no": "1",
                "keyword": "执行",
                "page": "用例片段",
                "element": "SNIPPET_001",
                "data": "username=admin,password=,keywords=密码为空",
                "expected": "",
                "output": "",
                "score": "",
                "remark": "",
                "_keyword": "执行",
                "_element": "SNIPPET_001",
                "_data": "username=admin,password=,keywords=密码为空",
                "vdata": "username=admin,password=,keywords=密码为空",
                "_expected": "",
                "_output": ""
            },
            {
                "control": "",
                "no": "2",
                "keyword": "检查",
                "page": "",
                "element": "主页错误提示",
                "data": "请输入密码!",
                "expected": "",
                "output": "",
                "score": "",
                "remark": "",
                "_keyword": "检查",
                "_element": "主页错误提示",
                "_data": "请输入密码!",
                "vdata": "请输入密码!",
                "_expected": "",
                "_output": ""
            }
        ]
    }
]
2019-01-18 09:53:31,071 [INFO]: #  From Excel import testsuite success
2019-01-18 09:53:34,717 [INFO]: #  Run the testcase: HOME_001|打开Relax Skipped, because the flag=N or the condition=snippet
2019-01-18 09:53:34,718 [INFO]: #  Run the testcase: SNIPPET_001|打开Relax<keywords> Skipped, because the flag=N or the condition=snippet
2019-01-18 09:53:34,718 [INFO]: #  Run the testcase: SNIPPET_002|退出登录 Skipped, because the flag=N or the condition=snippet
2019-01-18 09:53:34,719 [INFO]: #  Start running the SETUP testcase...
2019-01-18 09:53:34,719 [INFO]: #  Run the TestCase: HOME_001|打开Relax
2019-01-18 09:53:34,720 [INFO]: #  Run the Step: 1|OPEN|Relax登录链接
2019-01-18 09:53:37,770 [INFO]: #  Run the Step: 1|OPEN|通用-Relax登录链接 is Pass
2019-01-18 09:53:37,975 [INFO]: #  Run the Step: 2|CHECK|登录界面信息
2019-01-18 09:53:38,043 [INFO]: #  DATA:'*办事大厅'
2019-01-18 09:53:38,043 [INFO]: #  REAL:'网上办事大厅'
2019-01-18 09:53:38,043 [INFO]: #  Run the Step: 2|CHECK|登录页面-登录界面信息 is Pass
2019-01-18 09:53:38,249 [INFO]: #  Run the TestCase: LOGIN_001|打开Relax正确登录
2019-01-18 09:53:38,249 [INFO]: #  Run the Step: 1|EXECUTE|SNIPPET_001
2019-01-18 09:53:38,250 [INFO]: #  Run the TestCase: SNIPPET_001|打开Relax<keywords>
2019-01-18 09:53:38,250 [INFO]: #  Run the Step: 1|INPUT|登录名称
2019-01-18 09:53:38,963 [INFO]: #  Run the Step: 1|INPUT|登录页面-登录名称 is Pass
2019-01-18 09:53:39,166 [INFO]: #  Run the Step: 2|INPUT|登录密码
2019-01-18 09:53:39,805 [INFO]: #  Run the Step: 2|INPUT|登录页面-登录密码 is Pass
2019-01-18 09:53:40,009 [INFO]: #  Run the Step: 3|CLICK|登录按钮
2019-01-18 09:53:40,651 [INFO]: #  Run the Step: 3|CLICK|登录页面-登录按钮 is Pass
2019-01-18 09:53:40,853 [INFO]: #  Run the Step: 1|EXECUTE|SNIPPET_001 is Pass
2019-01-18 09:53:41,056 [INFO]: #  Run the Step: 2|CHECK|工作台Tab
2019-01-18 09:53:41,134 [INFO]: #  DATA:'*作台'
2019-01-18 09:53:41,135 [INFO]: #  REAL:'工作台'
2019-01-18 09:53:41,135 [INFO]: #  Run the Step: 2|CHECK|Relax主页-工作台Tab is Pass
2019-01-18 09:53:41,339 [INFO]: #  Run the Step: 3|EXECUTE|SNIPPET_002
2019-01-18 09:53:41,340 [INFO]: #  Run the TestCase: SNIPPET_002|退出登录
2019-01-18 09:53:41,341 [INFO]: #  Run the Step: 1|CLICK|管理员
2019-01-18 09:53:42,121 [INFO]: #  Run the Step: 1|CLICK|退出登录-管理员 is Pass
2019-01-18 09:53:42,326 [INFO]: #  Run the Step: 2|CLICK|class#logoutBtn
2019-01-18 09:53:43,526 [INFO]: #  Run the Step: 2|CLICK|通用-class#logoutBtn is Pass
2019-01-18 09:53:43,727 [INFO]: #  Run the Step: 3|EXECUTE|SNIPPET_002 is Pass
2019-01-18 09:53:43,929 [INFO]: #  Start running the SETUP testcase...
2019-01-18 09:53:43,929 [INFO]: #  Run the TestCase: HOME_001|打开Relax
2019-01-18 09:53:43,930 [INFO]: #  Run the Step: 1|OPEN|通用-Relax登录链接
2019-01-18 09:53:43,930 [WARNING]: #  Page:通用 element:通用-Relax登录链接 is not exist
2019-01-18 09:53:44,870 [INFO]: #  Run the Step: 1|OPEN|通用-Relax登录链接 is Pass
2019-01-18 09:53:45,076 [INFO]: #  Run the Step: 2|CHECK|登录页面-登录界面信息
2019-01-18 09:53:45,077 [WARNING]: #  Page:登录页面 element:登录页面-登录界面信息 is not exist
2019-01-18 09:53:45,645 [INFO]: #  DATA:'*办事大厅'
2019-01-18 09:53:45,646 [INFO]: #  REAL:'网上办事大厅'
2019-01-18 09:53:45,646 [INFO]: #  Run the Step: 2|CHECK|登录页面-登录界面信息 is Pass
2019-01-18 09:53:45,847 [INFO]: #  Run the TestCase: LOGIN_002|打开Relax密码为空
2019-01-18 09:53:45,847 [INFO]: #  Run the Step: 1|EXECUTE|SNIPPET_001
2019-01-18 09:53:45,848 [INFO]: #  Run the TestCase: SNIPPET_001|打开Relax<keywords>
2019-01-18 09:53:45,848 [INFO]: #  Run the Step: 1|INPUT|登录名称
2019-01-18 09:53:46,455 [INFO]: #  Run the Step: 1|INPUT|登录页面-登录名称 is Pass
2019-01-18 09:53:46,657 [INFO]: #  Run the Step: 2|INPUT|登录密码
2019-01-18 09:53:47,238 [INFO]: #  Run the Step: 2|INPUT|登录页面-登录密码 is Pass
2019-01-18 09:53:47,441 [INFO]: #  Run the Step: 3|CLICK|登录按钮
2019-01-18 09:53:48,083 [INFO]: #  Run the Step: 3|CLICK|登录页面-登录按钮 is Pass
2019-01-18 09:53:48,285 [INFO]: #  Run the Step: 1|EXECUTE|SNIPPET_001 is Pass
2019-01-18 09:53:48,486 [INFO]: #  Run the Step: 2|CHECK|主页错误提示
2019-01-18 09:53:48,530 [INFO]: #  DATA:'请输入密码!'
2019-01-18 09:53:48,531 [INFO]: #  REAL:'请输入密码!'
2019-01-18 09:53:48,531 [INFO]: #  Run the Step: 2|CHECK|登录页面-主页错误提示 is Pass
2019-01-18 09:53:48,849 [INFO]: #  --- Close th Windows: 'CDwindow-977D769C4AEF13AF5D7EBC842ABBE322'
2019-01-18 09:53:48,975 [INFO]: #  --- Quit th Driver: Chrome
2019-01-18 10:28:02,683 [INFO]: #  Testsuite imported from Excel:
[
    {
        "id": "HOME_001",
        "title": "打开Relax",
        "condition": "SETUP",
        "designer": "",
        "flag": "",
        "result": "",
        "remark": "",
        "priority": "M",
        "steps": [
            {
                "control": "",
                "no": "1",
                "keyword": "打开",
                "page": "",
                "element": "Relax登录链接",
                "data": "",
                "expected": "",
                "output": "",
                "score": "",
                "remark": "",
                "_keyword": "打开",
                "_element": "Relax登录链接",
                "_data": "",
                "vdata": "",
                "_expected": "",
                "_output": ""
            },
            {
                "control": "",
                "no": "2",
                "keyword": "检查",
                "page": "登录页面",
                "element": "登录界面信息",
                "data": "*办事大厅",
                "expected": "",
                "output": "",
                "score": "",
                "remark": "",
                "_keyword": "检查",
                "_element": "登录界面信息",
                "_data": "*办事大厅",
                "vdata": "*办事大厅",
                "_expected": "",
                "_output": ""
            }
        ]
    },
    {
        "id": "SNIPPET_001",
        "title": "打开Relax<keywords>",
        "condition": "SNIPPET",
        "designer": "",
        "flag": "",
        "result": "",
        "remark": "",
        "priority": "M",
        "steps": [
            {
                "control": "",
                "no": "1",
                "keyword": "输入",
                "page": "",
                "element": "登录名称",
                "data": "<username>",
                "expected": "",
                "output": "",
                "score": "",
                "remark": "",
                "_keyword": "输入",
                "_element": "登录名称",
                "_data": "<username>",
                "vdata": "<username>",
                "_expected": "",
                "_output": ""
            },
            {
                "control": "",
                "no": "2",
                "keyword": "输入",
                "page": "",
                "element": "登录密码",
                "data": "<password>",
                "expected": "",
                "output": "",
                "score": "",
                "remark": "",
                "_keyword": "输入",
                "_element": "登录密码",
                "_data": "<password>",
                "vdata": "<password>",
                "_expected": "",
                "_output": ""
            },
            {
                "control": "",
                "no": "3",
                "keyword": "点击",
                "page": "",
                "element": "登录按钮",
                "data": "",
                "expected": "",
                "output": "",
                "score": "",
                "remark": "",
                "_keyword": "点击",
                "_element": "登录按钮",
                "_data": "",
                "vdata": "",
                "_expected": "",
                "_output": ""
            }
        ]
    },
    {
        "id": "SNIPPET_002",
        "title": "退出登录",
        "condition": "SNIPPET",
        "designer": "",
        "flag": "",
        "result": "",
        "remark": "",
        "priority": "M",
        "steps": [
            {
                "control": "",
                "no": "1",
                "keyword": "点击",
                "page": "退出登录",
                "element": "管理员",
                "data": "",
                "expected": "",
                "output": "",
                "score": "",
                "remark": "",
                "_keyword": "点击",
                "_element": "管理员",
                "_data": "",
                "vdata": "",
                "_expected": "",
                "_output": ""
            },
            {
                "control": "",
                "no": "2",
                "keyword": "点击",
                "page": "",
                "element": "class#logoutBtn",
                "data": "",
                "expected": "",
                "output": "",
                "score": "",
                "remark": "",
                "_keyword": "点击",
                "_element": "class#logoutBtn",
                "_data": "",
                "vdata": "",
                "_expected": "",
                "_output": ""
            }
        ]
    },
    {
        "id": "LOGIN_001",
        "title": "打开Relax正确登录",
        "condition": "",
        "designer": "",
        "flag": "",
        "result": "",
        "remark": "",
        "priority": "M",
        "steps": [
            {
                "control": "",
                "no": "1",
                "keyword": "执行",
                "page": "用例片段",
                "element": "SNIPPET_001",
                "data": "username=admin,password=mxdx@relax,keywords=正确登录",
                "expected": "",
                "output": "",
                "score": "",
                "remark": "",
                "_keyword": "执行",
                "_element": "SNIPPET_001",
                "_data": "username=admin,password=mxdx@relax,keywords=正确登录",
                "vdata": "username=admin,password=mxdx@relax,keywords=正确登录",
                "_expected": "",
                "_output": ""
            },
            {
                "control": "",
                "no": "2",
                "keyword": "检查",
                "page": "Relax主页",
                "element": "工作台Tab",
                "data": "*作台",
                "expected": "",
                "output": "",
                "score": "",
                "remark": "",
                "_keyword": "检查",
                "_element": "工作台Tab",
                "_data": "*作台",
                "vdata": "*作台",
                "_expected": "",
                "_output": ""
            },
            {
                "control": "",
                "no": "3",
                "keyword": "执行",
                "page": "用例片段",
                "element": "SNIPPET_002",
                "data": "",
                "expected": "",
                "output": "",
                "score": "",
                "remark": "",
                "_keyword": "执行",
                "_element": "SNIPPET_002",
                "_data": "",
                "vdata": "",
                "_expected": "",
                "_output": ""
            }
        ]
    },
    {
        "id": "LOGIN_002",
        "title": "打开Relax密码为空",
        "condition": "",
        "designer": "",
        "flag": "",
        "result": "",
        "remark": "",
        "priority": "M",
        "steps": [
            {
                "control": "",
                "no": "1",
                "keyword": "执行",
                "page": "用例片段",
                "element": "SNIPPET_001",
                "data": "username=admin,password=,keywords=密码为空",
                "expected": "",
                "output": "",
                "score": "",
                "remark": "",
                "_keyword": "执行",
                "_element": "SNIPPET_001",
                "_data": "username=admin,password=,keywords=密码为空",
                "vdata": "username=admin,password=,keywords=密码为空",
                "_expected": "",
                "_output": ""
            },
            {
                "control": "",
                "no": "2",
                "keyword": "检查",
                "page": "",
                "element": "主页错误提示",
                "data": "请输入密码!",
                "expected": "",
                "output": "",
                "score": "",
                "remark": "",
                "_keyword": "检查",
                "_element": "主页错误提示",
                "_data": "请输入密码!",
                "vdata": "请输入密码!",
                "_expected": "",
                "_output": ""
            }
        ]
    }
]
2019-01-18 10:28:02,685 [INFO]: #  From Excel import testsuite success
2019-01-18 10:28:05,190 [INFO]: #  Run the testcase: HOME_001|打开Relax Skipped, because the flag=N or the condition=snippet
2019-01-18 10:28:05,191 [INFO]: #  Run the testcase: SNIPPET_001|打开Relax<keywords> Skipped, because the flag=N or the condition=snippet
2019-01-18 10:28:05,191 [INFO]: #  Run the testcase: SNIPPET_002|退出登录 Skipped, because the flag=N or the condition=snippet
2019-01-18 10:28:05,191 [INFO]: #  Start running the SETUP testcase...
2019-01-18 10:28:05,192 [INFO]: #  Run the TestCase: HOME_001|打开Relax
2019-01-18 10:28:05,192 [INFO]: #  Run the Step: 1|OPEN|Relax登录链接
2019-01-18 10:28:08,717 [INFO]: #  Run the Step: 1|OPEN|通用-Relax登录链接 is Pass
2019-01-18 10:28:08,917 [INFO]: #  Run the Step: 2|CHECK|登录界面信息
2019-01-18 10:28:09,197 [INFO]: #  DATA:'*办事大厅'
2019-01-18 10:28:09,198 [INFO]: #  REAL:'网上办事大厅'
2019-01-18 10:28:09,198 [INFO]: #  Run the Step: 2|CHECK|登录页面-登录界面信息 is Pass
2019-01-18 10:28:09,398 [INFO]: #  Run the TestCase: LOGIN_001|打开Relax正确登录
2019-01-18 10:28:09,399 [INFO]: #  Run the Step: 1|EXECUTE|SNIPPET_001
2019-01-18 10:28:09,400 [INFO]: #  Run the TestCase: SNIPPET_001|打开Relax<keywords>
2019-01-18 10:28:09,400 [INFO]: #  Run the Step: 1|INPUT|登录名称
2019-01-18 10:28:10,097 [INFO]: #  Run the Step: 1|INPUT|登录页面-登录名称 is Pass
2019-01-18 10:28:10,302 [INFO]: #  Run the Step: 2|INPUT|登录密码
2019-01-18 10:28:10,943 [INFO]: #  Run the Step: 2|INPUT|登录页面-登录密码 is Pass
2019-01-18 10:28:11,144 [INFO]: #  Run the Step: 3|CLICK|登录按钮
2019-01-18 10:28:11,790 [INFO]: #  Run the Step: 3|CLICK|登录页面-登录按钮 is Pass
2019-01-18 10:28:11,992 [INFO]: #  Run the Step: 1|EXECUTE|SNIPPET_001 is Pass
2019-01-18 10:28:12,194 [INFO]: #  Run the Step: 2|CHECK|工作台Tab
2019-01-18 10:28:12,248 [INFO]: #  DATA:'*作台'
2019-01-18 10:28:12,249 [INFO]: #  REAL:'工作台'
2019-01-18 10:28:12,249 [INFO]: #  Run the Step: 2|CHECK|Relax主页-工作台Tab is Pass
2019-01-18 10:28:12,453 [INFO]: #  Run the Step: 3|EXECUTE|SNIPPET_002
2019-01-18 10:28:12,453 [INFO]: #  Run the TestCase: SNIPPET_002|退出登录
2019-01-18 10:28:12,454 [INFO]: #  Run the Step: 1|CLICK|管理员
2019-01-18 10:28:13,056 [INFO]: #  Run the Step: 1|CLICK|退出登录-管理员 is Pass
2019-01-18 10:28:13,258 [INFO]: #  Run the Step: 2|CLICK|class#logoutBtn
2019-01-18 10:28:14,556 [INFO]: #  Run the Step: 2|CLICK|通用-class#logoutBtn is Pass
2019-01-18 10:28:14,761 [INFO]: #  Run the Step: 3|EXECUTE|SNIPPET_002 is Pass
2019-01-18 10:28:14,963 [INFO]: #  Start running the SETUP testcase...
2019-01-18 10:28:14,963 [INFO]: #  Run the TestCase: HOME_001|打开Relax
2019-01-18 10:28:14,964 [INFO]: #  Run the Step: 1|OPEN|通用-Relax登录链接
2019-01-18 10:28:14,964 [WARNING]: #  Page:通用 element:通用-Relax登录链接 is not exist
2019-01-18 10:28:16,653 [INFO]: #  Run the Step: 1|OPEN|通用-Relax登录链接 is Pass
2019-01-18 10:28:16,857 [INFO]: #  Run the Step: 2|CHECK|登录页面-登录界面信息
2019-01-18 10:28:16,857 [WARNING]: #  Page:登录页面 element:登录页面-登录界面信息 is not exist
2019-01-18 10:28:17,788 [INFO]: #  DATA:'*办事大厅'
2019-01-18 10:28:17,789 [INFO]: #  REAL:'网上办事大厅'
2019-01-18 10:28:17,790 [INFO]: #  Run the Step: 2|CHECK|登录页面-登录界面信息 is Pass
2019-01-18 10:28:17,996 [INFO]: #  Run the TestCase: LOGIN_002|打开Relax密码为空
2019-01-18 10:28:17,996 [INFO]: #  Run the Step: 1|EXECUTE|SNIPPET_001
2019-01-18 10:28:17,997 [INFO]: #  Run the TestCase: SNIPPET_001|打开Relax<keywords>
2019-01-18 10:28:17,997 [INFO]: #  Run the Step: 1|INPUT|登录名称
2019-01-18 10:28:18,605 [INFO]: #  Run the Step: 1|INPUT|登录页面-登录名称 is Pass
2019-01-18 10:28:18,807 [INFO]: #  Run the Step: 2|INPUT|登录密码
2019-01-18 10:28:19,403 [INFO]: #  Run the Step: 2|INPUT|登录页面-登录密码 is Pass
2019-01-18 10:28:19,609 [INFO]: #  Run the Step: 3|CLICK|登录按钮
2019-01-18 10:28:20,232 [INFO]: #  Run the Step: 3|CLICK|登录页面-登录按钮 is Pass
2019-01-18 10:28:20,436 [INFO]: #  Run the Step: 1|EXECUTE|SNIPPET_001 is Pass
2019-01-18 10:28:20,640 [INFO]: #  Run the Step: 2|CHECK|主页错误提示
2019-01-18 10:28:20,694 [INFO]: #  DATA:'请输入密码!'
2019-01-18 10:28:20,695 [INFO]: #  REAL:'请输入密码!'
2019-01-18 10:28:20,695 [INFO]: #  Run the Step: 2|CHECK|登录页面-主页错误提示 is Pass
2019-01-18 10:28:21,062 [INFO]: #  --- Close th Windows: 'CDwindow-F60EECD5BCAFD497021BFCA62438869E'
2019-01-18 10:28:21,152 [INFO]: #  --- Quit th Driver: Chrome
